<?xml version="1.0" encoding="UTF-8"?>
<testng-results skipped="0" failed="0" ignored="0" total="1" passed="1">
  <reporter-output>
  </reporter-output>
  <suite name="Default suite" duration-ms="58" started-at="2018-01-25T07:42:48Z" finished-at="2018-01-25T07:42:48Z">
    <groups>
    </groups>
    <test name="Default test" duration-ms="58" started-at="2018-01-25T07:42:48Z" finished-at="2018-01-25T07:42:48Z">
      <class name="com.student.TestStudentAttendance">
        <test-method status="PASS" signature="studentResult()[pri:0, instance:com.student.TestStudentAttendance@5dfcfece]" name="studentResult" duration-ms="25" started-at="2018-01-25T13:12:48Z" finished-at="2018-01-25T13:12:48Z">
          <reporter-output>
          </reporter-output>
        </test-method> <!-- studentResult -->
      </class> <!-- com.student.TestStudentAttendance -->
    </test> <!-- Default test -->
  </suite> <!-- Default suite -->
</testng-results>
